[2026-04-16 14:53:44] CWD: /root/autodl-tmp/MyCrossCity/code/new_citypref_llm
[2026-04-16 14:53:44] CMD: /root/miniconda3/envs/SPOT-Trip/bin/python ./optuna_tune.py --study_name yelp_both_pipeline_v1_tune --output_dir /root/autodl-tmp/MyCrossCity/code/new_citypref_llm/pipeline_runs/yelp_both_pipeline_v1/tuning --n_trials 12 --timeout 0 --objective_metric full_combo --objective_combo_beta_fixed 4.0 --seed 2050 --main_script ./main.py --dataset_name Yelp --data_split_path /root/autodl-tmp/MyCrossCity/Yelp/spottrip_baseline_split.pkl --save_path ../../Yelp/model_save_new --ori_data ../../Yelp/home.txt --dst_data ../../Yelp/oot.txt --trans_data ../../Yelp/travel.txt --ori_data_enriched ../../Yelp/extendData/enriched_home.txt --dst_data_enriched ../../Yelp/extendData/enriched_oot.txt --device cuda:0 --epoch 30 --stop_epoch 8 --use_enriched_data 1 --semantic_backend qwen --qwen_strict 1 --llm_model_name Qwen/Qwen2.5-1.5B-Instruct --llm_fallback_names Qwen/Qwen2.5-1.5B-Instruct --llm_dtype bfloat16 --use_mamba_backbone 1 --mamba_strict 1 --mamba_d_conv 4 --seq_num_layers_choices 2,3 --mamba_d_state_choices 32 --mamba_expand_choices 2 --pair_max_future_choices 4,6 --beam_size_choices 3 --lr_min 0.0003 --lr_max 0.0005 --lambda_pair_min 0.03 --lambda_pair_max 0.2 --lambda_transition_min 0.05 --lambda_transition_max 0.2 --transition_logit_scale_min 0.05 --transition_logit_scale_max 0.3 --beam_len_penalty_min 0.25 --beam_len_penalty_max 0.6 --dropout_min 0.08 --dropout_max 0.2 --temperature_min 0.06 --temperature_max 0.12 --combo_beta_min 1.5 --combo_beta_max 4.0 --enable_pairwise_loss 1 --save_trainable_only 1 --save_optimizer_state 0 --save_dual_best 1 --use_f1_floor_filter 0 --f1_floor_margin 0.002 --use_no_repeat_mask 1 --early_stop_metric full_combo --decode_constraint_mode soft --enforce_start_end_constraints 1 --soft_constraint_scale_min 0.0 --soft_constraint_scale_max 0.08 --soft_constraint_dist_emb_dim_choices 16,32

[I 2026-04-16 14:53:45,091] A new study created in RDB with name: yelp_both_pipeline_v1_tune
[I 2026-04-16 15:02:43,282] Trial 0 finished with value: 1.7517 and parameters: {'soft_constraint_scale': 0.025385120286725255, 'lr': 0.0004439389550704353, 'lambda_pair': 0.18959369053293612, 'pair_max_future': 4, 'lambda_transition': 0.17979293680874248, 'transition_logit_scale': 0.15899095341309433, 'beam_size': 3, 'beam_len_penalty': 0.31775915415238765, 'combo_beta': 3.692245701003141, 'dropout': 0.125717100341323, 'temperature': 0.10996504616739343, 'seq_num_layers': 2, 'mamba_d_state': 32, 'mamba_expand': 2, 'soft_constraint_dist_emb_dim': 32}. Best is trial 0 with value: 1.7517.
[I 2026-04-16 15:15:37,593] Trial 1 finished with value: 1.7525 and parameters: {'soft_constraint_scale': 0.05357176052919649, 'lr': 0.00034293009672442494, 'lambda_pair': 0.06976525181581228, 'pair_max_future': 4, 'lambda_transition': 0.1361077594432698, 'transition_logit_scale': 0.28260403862466427, 'beam_size': 3, 'beam_len_penalty': 0.43107881956259375, 'combo_beta': 3.145478039085165, 'dropout': 0.14054109801804376, 'temperature': 0.11869162524185016, 'seq_num_layers': 3, 'mamba_d_state': 32, 'mamba_expand': 2, 'soft_constraint_dist_emb_dim': 16}. Best is trial 1 with value: 1.7525.
[I 2026-04-16 15:26:57,687] Trial 2 finished with value: 1.7532 and parameters: {'soft_constraint_scale': 0.07498466069744883, 'lr': 0.0004562487002247504, 'lambda_pair': 0.049009977603333685, 'pair_max_future': 6, 'lambda_transition': 0.1374167334183384, 'transition_logit_scale': 0.2222178005094156, 'beam_size': 3, 'beam_len_penalty': 0.44349753088705746, 'combo_beta': 2.0984134923431585, 'dropout': 0.13030822625040137, 'temperature': 0.06413239744570416, 'seq_num_layers': 3, 'mamba_d_state': 32, 'mamba_expand': 2, 'soft_constraint_dist_emb_dim': 32}. Best is trial 2 with value: 1.7532.
[I 2026-04-16 15:35:52,977] Trial 3 finished with value: 1.751 and parameters: {'soft_constraint_scale': 0.07419834056626978, 'lr': 0.0004994637681572835, 'lambda_pair': 0.17317775748211237, 'pair_max_future': 4, 'lambda_transition': 0.13760133870709546, 'transition_logit_scale': 0.13014795636509907, 'beam_size': 3, 'beam_len_penalty': 0.4821178059474249, 'combo_beta': 2.313245357229333, 'dropout': 0.15786604446207692, 'temperature': 0.09576698921998739, 'seq_num_layers': 3, 'mamba_d_state': 32, 'mamba_expand': 2, 'soft_constraint_dist_emb_dim': 32}. Best is trial 2 with value: 1.7532.
[I 2026-04-16 15:45:09,629] Trial 4 finished with value: 1.7494 and parameters: {'soft_constraint_scale': 0.017951965290462297, 'lr': 0.00034388594951583075, 'lambda_pair': 0.10544864854701166, 'pair_max_future': 6, 'lambda_transition': 0.18868890181514686, 'transition_logit_scale': 0.12658290075377038, 'beam_size': 3, 'beam_len_penalty': 0.27884553289318714, 'combo_beta': 2.499412655269407, 'dropout': 0.18377986407845154, 'temperature': 0.06652634595419239, 'seq_num_layers': 2, 'mamba_d_state': 32, 'mamba_expand': 2, 'soft_constraint_dist_emb_dim': 32}. Best is trial 2 with value: 1.7532.
[I 2026-04-16 15:57:22,859] Trial 5 finished with value: 1.7521 and parameters: {'soft_constraint_scale': 0.06836216441317042, 'lr': 0.0003993705682999137, 'lambda_pair': 0.061269673836848844, 'pair_max_future': 6, 'lambda_transition': 0.1386790183633733, 'transition_logit_scale': 0.19591045205847551, 'beam_size': 3, 'beam_len_penalty': 0.4171188206252052, 'combo_beta': 1.9758275934064884, 'dropout': 0.15980313945103236, 'temperature': 0.06804440622160271, 'seq_num_layers': 3, 'mamba_d_state': 32, 'mamba_expand': 2, 'soft_constraint_dist_emb_dim': 16}. Best is trial 2 with value: 1.7532.
[I 2026-04-16 16:06:34,358] Trial 6 finished with value: 1.7583 and parameters: {'soft_constraint_scale': 0.07903668540158991, 'lr': 0.0004673570731306835, 'lambda_pair': 0.16659825439743392, 'pair_max_future': 6, 'lambda_transition': 0.08260948751514435, 'transition_logit_scale': 0.2907728698865922, 'beam_size': 3, 'beam_len_penalty': 0.46331447067470943, 'combo_beta': 2.5602566338108823, 'dropout': 0.08703438600353917, 'temperature': 0.07863357855049277, 'seq_num_layers': 2, 'mamba_d_state': 32, 'mamba_expand': 2, 'soft_constraint_dist_emb_dim': 32}. Best is trial 6 with value: 1.7583.
[I 2026-04-16 16:17:01,214] Trial 7 finished with value: 1.7469999999999999 and parameters: {'soft_constraint_scale': 0.0221316386083266, 'lr': 0.0004087936126073267, 'lambda_pair': 0.16328124003068625, 'pair_max_future': 6, 'lambda_transition': 0.08707360925854157, 'transition_logit_scale': 0.08508518633555077, 'beam_size': 3, 'beam_len_penalty': 0.5902913329421138, 'combo_beta': 3.8306211403371426, 'dropout': 0.1873784026347404, 'temperature': 0.06725227814790548, 'seq_num_layers': 3, 'mamba_d_state': 32, 'mamba_expand': 2, 'soft_constraint_dist_emb_dim': 16}. Best is trial 6 with value: 1.7583.
[I 2026-04-16 16:31:57,676] Trial 8 finished with value: 1.7557 and parameters: {'soft_constraint_scale': 0.03332548029498894, 'lr': 0.0003437222036922083, 'lambda_pair': 0.11428961143488439, 'pair_max_future': 4, 'lambda_transition': 0.15591706158753332, 'transition_logit_scale': 0.09682890666295736, 'beam_size': 3, 'beam_len_penalty': 0.2635645392034843, 'combo_beta': 2.833611670036544, 'dropout': 0.084302204958471, 'temperature': 0.07379422987528628, 'seq_num_layers': 3, 'mamba_d_state': 32, 'mamba_expand': 2, 'soft_constraint_dist_emb_dim': 32}. Best is trial 6 with value: 1.7583.
[I 2026-04-16 16:41:54,376] Trial 9 finished with value: 1.7555 and parameters: {'soft_constraint_scale': 0.025583823048201657, 'lr': 0.00041480365179992273, 'lambda_pair': 0.08950120975132289, 'pair_max_future': 6, 'lambda_transition': 0.19956114419197435, 'transition_logit_scale': 0.18185788850231266, 'beam_size': 3, 'beam_len_penalty': 0.35238754702034264, 'combo_beta': 2.5936131567574687, 'dropout': 0.11120438256370817, 'temperature': 0.07867561719171151, 'seq_num_layers': 2, 'mamba_d_state': 32, 'mamba_expand': 2, 'soft_constraint_dist_emb_dim': 16}. Best is trial 6 with value: 1.7583.
[I 2026-04-16 16:51:02,238] Trial 10 finished with value: 1.7498 and parameters: {'soft_constraint_scale': 0.0037776709484015555, 'lr': 0.0004981012736435571, 'lambda_pair': 0.14660429683106976, 'pair_max_future': 6, 'lambda_transition': 0.053724160179112995, 'transition_logit_scale': 0.2949250771485749, 'beam_size': 3, 'beam_len_penalty': 0.533311599056421, 'combo_beta': 1.5399683404434592, 'dropout': 0.08224369754599158, 'temperature': 0.08827519822227561, 'seq_num_layers': 2, 'mamba_d_state': 32, 'mamba_expand': 2, 'soft_constraint_dist_emb_dim': 32}. Best is trial 6 with value: 1.7583.
[I 2026-04-16 17:01:44,274] Trial 11 finished with value: 1.7488000000000001 and parameters: {'soft_constraint_scale': 0.04824792527365018, 'lr': 0.00030445611927820617, 'lambda_pair': 0.13387133765314416, 'pair_max_future': 4, 'lambda_transition': 0.09981466069014079, 'transition_logit_scale': 0.05749702283258237, 'beam_size': 3, 'beam_len_penalty': 0.36601362626069134, 'combo_beta': 3.0719189148409316, 'dropout': 0.08617609309279402, 'temperature': 0.08231382700441023, 'seq_num_layers': 2, 'mamba_d_state': 32, 'mamba_expand': 2, 'soft_constraint_dist_emb_dim': 32}. Best is trial 6 with value: 1.7583.
================================================================================
Optuna finished
Study: yelp_both_pipeline_v1_tune
Objective: full_combo
Best value: 1.758300
Best trial: 6
Best params json: /root/autodl-tmp/MyCrossCity/code/new_citypref_llm/pipeline_runs/yelp_both_pipeline_v1/tuning/yelp_both_pipeline_v1_tune_best_params.json
All trials json: /root/autodl-tmp/MyCrossCity/code/new_citypref_llm/pipeline_runs/yelp_both_pipeline_v1/tuning/yelp_both_pipeline_v1_tune_all_trials.json
Best trial model dir: /root/autodl-tmp/MyCrossCity/Yelp/model_save_new/yelp_both_pipeline_v1_tune_trial_006
Best trial log file: /root/autodl-tmp/MyCrossCity/code/new_citypref_llm/pipeline_runs/yelp_both_pipeline_v1/tuning/logs/04-16-15:57 yelp_both_pipeline_v1_tune_trial_006(2050).log
================================================================================

[2026-04-16 17:01:44] EXIT_CODE: 0
