[2026-04-16 19:37:41] CWD: /root/autodl-tmp/MyCrossCity/code/new_citypref_llm
[2026-04-16 19:37:41] CMD: /root/miniconda3/envs/SPOT-Trip/bin/python ./optuna_tune.py --study_name fsq_both_pipeline_v1_tune --output_dir /root/autodl-tmp/MyCrossCity/code/new_citypref_llm/pipeline_runs/fsq_both_pipeline_v1/tuning --n_trials 12 --timeout 0 --objective_metric full_combo --objective_combo_beta_fixed 4.0 --seed 2050 --main_script ./main.py --dataset_name Foursquare --data_split_path ../../Foursquare/data_split_new.pkl --save_path ../../Foursquare/model_save_new --ori_data ../../Foursquare/home.txt --dst_data ../../Foursquare/oot.txt --trans_data ../../Foursquare/travel.txt --ori_data_enriched ../../Foursquare/extendData/enriched_home.txt --dst_data_enriched ../../Foursquare/extendData/enriched_oot.txt --device cuda:0 --epoch 30 --stop_epoch 8 --use_enriched_data 1 --semantic_backend qwen --qwen_strict 1 --llm_model_name Qwen/Qwen2.5-1.5B-Instruct --llm_fallback_names Qwen/Qwen2.5-1.5B-Instruct --llm_dtype bfloat16 --use_mamba_backbone 1 --mamba_strict 1 --mamba_d_conv 4 --seq_num_layers_choices 2,3 --mamba_d_state_choices 32 --mamba_expand_choices 2 --pair_max_future_choices 4,6 --beam_size_choices 3 --lr_min 0.0003 --lr_max 0.0005 --lambda_pair_min 0.03 --lambda_pair_max 0.2 --lambda_transition_min 0.05 --lambda_transition_max 0.2 --transition_logit_scale_min 0.05 --transition_logit_scale_max 0.3 --beam_len_penalty_min 0.25 --beam_len_penalty_max 0.6 --dropout_min 0.08 --dropout_max 0.2 --temperature_min 0.06 --temperature_max 0.12 --combo_beta_min 1.5 --combo_beta_max 4.0 --enable_pairwise_loss 1 --save_trainable_only 1 --save_optimizer_state 0 --save_dual_best 1 --use_f1_floor_filter 0 --f1_floor_margin 0.002 --use_no_repeat_mask 1 --early_stop_metric full_combo --decode_constraint_mode soft --enforce_start_end_constraints 1 --soft_constraint_scale_min 0.0 --soft_constraint_scale_max 0.08 --soft_constraint_dist_emb_dim_choices 16,32

[I 2026-04-16 19:37:42,001] A new study created in RDB with name: fsq_both_pipeline_v1_tune
[I 2026-04-16 19:46:50,901] Trial 0 finished with value: 1.5144000000000002 and parameters: {'soft_constraint_scale': 0.025385120286725255, 'lr': 0.0004439389550704353, 'lambda_pair': 0.18959369053293612, 'pair_max_future': 4, 'lambda_transition': 0.17979293680874248, 'transition_logit_scale': 0.15899095341309433, 'beam_size': 3, 'beam_len_penalty': 0.31775915415238765, 'combo_beta': 3.692245701003141, 'dropout': 0.125717100341323, 'temperature': 0.10996504616739343, 'seq_num_layers': 2, 'mamba_d_state': 32, 'mamba_expand': 2, 'soft_constraint_dist_emb_dim': 32}. Best is trial 0 with value: 1.5144000000000002.
[I 2026-04-16 19:56:17,088] Trial 1 finished with value: 1.5304 and parameters: {'soft_constraint_scale': 0.05357176052919649, 'lr': 0.00034293009672442494, 'lambda_pair': 0.06976525181581228, 'pair_max_future': 4, 'lambda_transition': 0.1361077594432698, 'transition_logit_scale': 0.28260403862466427, 'beam_size': 3, 'beam_len_penalty': 0.43107881956259375, 'combo_beta': 3.145478039085165, 'dropout': 0.14054109801804376, 'temperature': 0.11869162524185016, 'seq_num_layers': 3, 'mamba_d_state': 32, 'mamba_expand': 2, 'soft_constraint_dist_emb_dim': 16}. Best is trial 1 with value: 1.5304.
[I 2026-04-16 20:04:18,890] Trial 2 finished with value: 1.5468 and parameters: {'soft_constraint_scale': 0.07498466069744883, 'lr': 0.0004562487002247504, 'lambda_pair': 0.049009977603333685, 'pair_max_future': 6, 'lambda_transition': 0.1374167334183384, 'transition_logit_scale': 0.2222178005094156, 'beam_size': 3, 'beam_len_penalty': 0.44349753088705746, 'combo_beta': 2.0984134923431585, 'dropout': 0.13030822625040137, 'temperature': 0.06413239744570416, 'seq_num_layers': 3, 'mamba_d_state': 32, 'mamba_expand': 2, 'soft_constraint_dist_emb_dim': 32}. Best is trial 2 with value: 1.5468.
[I 2026-04-16 20:12:58,138] Trial 3 finished with value: 1.514 and parameters: {'soft_constraint_scale': 0.07419834056626978, 'lr': 0.0004994637681572835, 'lambda_pair': 0.17317775748211237, 'pair_max_future': 4, 'lambda_transition': 0.13760133870709546, 'transition_logit_scale': 0.13014795636509907, 'beam_size': 3, 'beam_len_penalty': 0.4821178059474249, 'combo_beta': 2.313245357229333, 'dropout': 0.15786604446207692, 'temperature': 0.09576698921998739, 'seq_num_layers': 3, 'mamba_d_state': 32, 'mamba_expand': 2, 'soft_constraint_dist_emb_dim': 32}. Best is trial 2 with value: 1.5468.
[I 2026-04-16 20:21:07,167] Trial 4 finished with value: 1.5241 and parameters: {'soft_constraint_scale': 0.017951965290462297, 'lr': 0.00034388594951583075, 'lambda_pair': 0.10544864854701166, 'pair_max_future': 6, 'lambda_transition': 0.18868890181514686, 'transition_logit_scale': 0.12658290075377038, 'beam_size': 3, 'beam_len_penalty': 0.27884553289318714, 'combo_beta': 2.499412655269407, 'dropout': 0.18377986407845154, 'temperature': 0.06652634595419239, 'seq_num_layers': 2, 'mamba_d_state': 32, 'mamba_expand': 2, 'soft_constraint_dist_emb_dim': 32}. Best is trial 2 with value: 1.5468.
[I 2026-04-16 20:31:03,353] Trial 5 finished with value: 1.5177 and parameters: {'soft_constraint_scale': 0.06836216441317042, 'lr': 0.0003993705682999137, 'lambda_pair': 0.061269673836848844, 'pair_max_future': 6, 'lambda_transition': 0.1386790183633733, 'transition_logit_scale': 0.19591045205847551, 'beam_size': 3, 'beam_len_penalty': 0.4171188206252052, 'combo_beta': 1.9758275934064884, 'dropout': 0.15980313945103236, 'temperature': 0.06804440622160271, 'seq_num_layers': 3, 'mamba_d_state': 32, 'mamba_expand': 2, 'soft_constraint_dist_emb_dim': 16}. Best is trial 2 with value: 1.5468.
[I 2026-04-16 20:37:46,271] Trial 6 finished with value: 1.5171999999999999 and parameters: {'soft_constraint_scale': 0.07903668540158991, 'lr': 0.0004673570731306835, 'lambda_pair': 0.16659825439743392, 'pair_max_future': 6, 'lambda_transition': 0.08260948751514435, 'transition_logit_scale': 0.2907728698865922, 'beam_size': 3, 'beam_len_penalty': 0.46331447067470943, 'combo_beta': 2.5602566338108823, 'dropout': 0.08703438600353917, 'temperature': 0.07863357855049277, 'seq_num_layers': 2, 'mamba_d_state': 32, 'mamba_expand': 2, 'soft_constraint_dist_emb_dim': 32}. Best is trial 2 with value: 1.5468.
[I 2026-04-16 20:46:31,341] Trial 7 finished with value: 1.5224000000000002 and parameters: {'soft_constraint_scale': 0.0221316386083266, 'lr': 0.0004087936126073267, 'lambda_pair': 0.16328124003068625, 'pair_max_future': 6, 'lambda_transition': 0.08707360925854157, 'transition_logit_scale': 0.08508518633555077, 'beam_size': 3, 'beam_len_penalty': 0.5902913329421138, 'combo_beta': 3.8306211403371426, 'dropout': 0.1873784026347404, 'temperature': 0.06725227814790548, 'seq_num_layers': 3, 'mamba_d_state': 32, 'mamba_expand': 2, 'soft_constraint_dist_emb_dim': 16}. Best is trial 2 with value: 1.5468.
[I 2026-04-16 20:54:32,356] Trial 8 finished with value: 1.5261 and parameters: {'soft_constraint_scale': 0.03332548029498894, 'lr': 0.0003437222036922083, 'lambda_pair': 0.11428961143488439, 'pair_max_future': 4, 'lambda_transition': 0.15591706158753332, 'transition_logit_scale': 0.09682890666295736, 'beam_size': 3, 'beam_len_penalty': 0.2635645392034843, 'combo_beta': 2.833611670036544, 'dropout': 0.084302204958471, 'temperature': 0.07379422987528628, 'seq_num_layers': 3, 'mamba_d_state': 32, 'mamba_expand': 2, 'soft_constraint_dist_emb_dim': 32}. Best is trial 2 with value: 1.5468.
[I 2026-04-16 21:06:00,583] Trial 9 finished with value: 1.5262 and parameters: {'soft_constraint_scale': 0.025583823048201657, 'lr': 0.00041480365179992273, 'lambda_pair': 0.08950120975132289, 'pair_max_future': 6, 'lambda_transition': 0.19956114419197435, 'transition_logit_scale': 0.18185788850231266, 'beam_size': 3, 'beam_len_penalty': 0.35238754702034264, 'combo_beta': 2.5936131567574687, 'dropout': 0.11120438256370817, 'temperature': 0.07867561719171151, 'seq_num_layers': 2, 'mamba_d_state': 32, 'mamba_expand': 2, 'soft_constraint_dist_emb_dim': 16}. Best is trial 2 with value: 1.5468.
[I 2026-04-16 21:14:05,303] Trial 10 finished with value: 1.5352999999999999 and parameters: {'soft_constraint_scale': 0.0037776709484015555, 'lr': 0.0003781931541944272, 'lambda_pair': 0.0336950731735339, 'pair_max_future': 6, 'lambda_transition': 0.10587550970641324, 'transition_logit_scale': 0.21186302539915225, 'beam_size': 3, 'beam_len_penalty': 0.5670342585157471, 'combo_beta': 1.5399683404434592, 'dropout': 0.1111910394720004, 'temperature': 0.08827519822227561, 'seq_num_layers': 3, 'mamba_d_state': 32, 'mamba_expand': 2, 'soft_constraint_dist_emb_dim': 32}. Best is trial 2 with value: 1.5468.
[I 2026-04-16 21:23:43,436] Trial 11 finished with value: 1.5291000000000001 and parameters: {'soft_constraint_scale': 0.002044149289610022, 'lr': 0.00030659328661163815, 'lambda_pair': 0.03039105080248331, 'pair_max_future': 6, 'lambda_transition': 0.10635064340540756, 'transition_logit_scale': 0.2344729249468245, 'beam_size': 3, 'beam_len_penalty': 0.586115270868073, 'combo_beta': 1.5047159281525126, 'dropout': 0.10985540844085799, 'temperature': 0.09225523676177103, 'seq_num_layers': 3, 'mamba_d_state': 32, 'mamba_expand': 2, 'soft_constraint_dist_emb_dim': 32}. Best is trial 2 with value: 1.5468.
================================================================================
Optuna finished
Study: fsq_both_pipeline_v1_tune
Objective: full_combo
Best value: 1.546800
Best trial: 2
Best params json: /root/autodl-tmp/MyCrossCity/code/new_citypref_llm/pipeline_runs/fsq_both_pipeline_v1/tuning/fsq_both_pipeline_v1_tune_best_params.json
All trials json: /root/autodl-tmp/MyCrossCity/code/new_citypref_llm/pipeline_runs/fsq_both_pipeline_v1/tuning/fsq_both_pipeline_v1_tune_all_trials.json
Best trial model dir: /root/autodl-tmp/MyCrossCity/Foursquare/model_save_new/fsq_both_pipeline_v1_tune_trial_002
Best trial log file: /root/autodl-tmp/MyCrossCity/code/new_citypref_llm/pipeline_runs/fsq_both_pipeline_v1/tuning/logs/04-16-19:56 fsq_both_pipeline_v1_tune_trial_002(2050).log
================================================================================

[2026-04-16 21:23:43] EXIT_CODE: 0
