[2026-04-04 14:16:43] CWD: /root/autodl-tmp/MyCrossCity/code/new_citypref_llm
[2026-04-04 14:16:43] CMD: /root/miniconda3/envs/SPOT-Trip/bin/python ./optuna_tune.py --study_name fsq_soft_pipeline_v1_tune --output_dir /root/autodl-tmp/MyCrossCity/code/new_citypref_llm/pipeline_runs/fsq_soft_pipeline_v1/tuning --n_trials 12 --timeout 0 --objective_metric combo --seed 2050 --main_script ./main.py --dataset_name Foursquare --data_split_path /root/autodl-tmp/MyCrossCity/code/new_citypref_llm/data_split_new.pkl --save_path ../../Foursquare/model_save_new --ori_data ../../Foursquare/home.txt --dst_data ../../Foursquare/oot.txt --trans_data ../../Foursquare/travel.txt --ori_data_enriched ../../Foursquare/extendData/enriched_home.txt --dst_data_enriched ../../Foursquare/extendData/enriched_oot.txt --device cuda:0 --epoch 30 --stop_epoch 8 --use_enriched_data 1 --semantic_backend qwen --qwen_strict 1 --llm_model_name Qwen/Qwen2.5-1.5B-Instruct --llm_fallback_names Qwen/Qwen2.5-0.5B-Instruct --llm_dtype bfloat16 --use_mamba_backbone 1 --mamba_strict 1 --mamba_d_conv 4 --seq_num_layers_choices 2,3 --mamba_d_state_choices 32 --mamba_expand_choices 2 --pair_max_future_choices 4,6 --beam_size_choices 3 --lr_min 0.0003 --lr_max 0.0006 --lambda_pair_min 0.03 --lambda_pair_max 0.2 --lambda_transition_min 0.05 --lambda_transition_max 0.2 --transition_logit_scale_min 0.05 --transition_logit_scale_max 0.3 --beam_len_penalty_min 0.25 --beam_len_penalty_max 0.6 --dropout_min 0.08 --dropout_max 0.2 --temperature_min 0.06 --temperature_max 0.12 --combo_beta_min 4.0 --combo_beta_max 4.0 --enable_pairwise_loss 1 --save_trainable_only 1 --save_optimizer_state 0 --save_dual_best 1 --use_f1_floor_filter 1 --f1_floor_margin 0.002 --use_no_repeat_mask 1 --early_stop_metric combo --decode_constraint_mode soft --enforce_start_end_constraints 1 --soft_constraint_scale_min 0.0 --soft_constraint_scale_max 0.08 --soft_constraint_dist_emb_dim_choices 16,32

[I 2026-04-04 14:16:43,942] A new study created in RDB with name: fsq_soft_pipeline_v1_tune
[I 2026-04-04 14:23:34,867] Trial 0 finished with value: 0.05689999999999999 and parameters: {'soft_constraint_scale': 0.025385120286725255, 'lr': 0.0005105884412444346, 'lambda_pair': 0.18959369053293612, 'pair_max_future': 4, 'lambda_transition': 0.17979293680874248, 'transition_logit_scale': 0.15899095341309433, 'beam_size': 3, 'beam_len_penalty': 0.31775915415238765, 'combo_beta': 4.0, 'dropout': 0.18522779364815078, 'temperature': 0.08285855017066149, 'seq_num_layers': 2, 'mamba_d_state': 32, 'mamba_expand': 2, 'soft_constraint_dist_emb_dim': 32}. Best is trial 0 with value: 0.05689999999999999.
[I 2026-04-04 14:30:50,791] Trial 1 finished with value: 0.0594 and parameters: {'soft_constraint_scale': 0.05139456357334286, 'lr': 0.00047720511515235024, 'lambda_pair': 0.07450932921063655, 'pair_max_future': 6, 'lambda_transition': 0.06319739599387181, 'transition_logit_scale': 0.19351293240544964, 'beam_size': 3, 'beam_len_penalty': 0.5756456540745299, 'combo_beta': 4.0, 'dropout': 0.142084166707175, 'temperature': 0.09949147293804396, 'seq_num_layers': 3, 'mamba_d_state': 32, 'mamba_expand': 2, 'soft_constraint_dist_emb_dim': 32}. Best is trial 1 with value: 0.0594.
[I 2026-04-04 14:39:18,731] Trial 2 finished with value: 0.064 and parameters: {'soft_constraint_scale': 0.07462942141466841, 'lr': 0.000309272394422365, 'lambda_pair': 0.18934240398207877, 'pair_max_future': 4, 'lambda_transition': 0.052888310885315946, 'transition_logit_scale': 0.2885730879561912, 'beam_size': 3, 'beam_len_penalty': 0.4539723779761229, 'combo_beta': 4.0, 'dropout': 0.16266454424451948, 'temperature': 0.09317100529492414, 'seq_num_layers': 3, 'mamba_d_state': 32, 'mamba_expand': 2, 'soft_constraint_dist_emb_dim': 32}. Best is trial 2 with value: 0.064.
[I 2026-04-04 14:48:05,327] Trial 3 finished with value: 0.0548 and parameters: {'soft_constraint_scale': 0.024230022560362167, 'lr': 0.0003329659734406038, 'lambda_pair': 0.12159708989729882, 'pair_max_future': 6, 'lambda_transition': 0.17633331542539327, 'transition_logit_scale': 0.2123625860716583, 'beam_size': 3, 'beam_len_penalty': 0.355357799487559, 'combo_beta': 4.0, 'dropout': 0.15008107096567636, 'temperature': 0.07923550952762377, 'seq_num_layers': 2, 'mamba_d_state': 32, 'mamba_expand': 2, 'soft_constraint_dist_emb_dim': 16}. Best is trial 2 with value: 0.064.
[I 2026-04-04 14:54:52,147] Trial 4 finished with value: 0.0618 and parameters: {'soft_constraint_scale': 0.05303841578051829, 'lr': 0.0005569210466582196, 'lambda_pair': 0.04795871404738394, 'pair_max_future': 4, 'lambda_transition': 0.0900902713043118, 'transition_logit_scale': 0.16095389492207596, 'beam_size': 3, 'beam_len_penalty': 0.2795755598563826, 'combo_beta': 4.0, 'dropout': 0.11493045654536985, 'temperature': 0.11547556072605872, 'seq_num_layers': 2, 'mamba_d_state': 32, 'mamba_expand': 2, 'soft_constraint_dist_emb_dim': 32}. Best is trial 2 with value: 0.064.
[I 2026-04-04 15:02:20,855] Trial 5 finished with value: 0.0534 and parameters: {'soft_constraint_scale': 0.008701794605589858, 'lr': 0.00037931430667181116, 'lambda_pair': 0.08482792132871747, 'pair_max_future': 6, 'lambda_transition': 0.17817905827469455, 'transition_logit_scale': 0.19002197644085927, 'beam_size': 3, 'beam_len_penalty': 0.31437874025233586, 'combo_beta': 4.0, 'dropout': 0.17589047825814272, 'temperature': 0.10795576553490692, 'seq_num_layers': 2, 'mamba_d_state': 32, 'mamba_expand': 2, 'soft_constraint_dist_emb_dim': 16}. Best is trial 2 with value: 0.064.
[I 2026-04-04 15:11:05,098] Trial 6 finished with value: 0.0553 and parameters: {'soft_constraint_scale': 0.053202092967354904, 'lr': 0.00032921633883726745, 'lambda_pair': 0.175311995165607, 'pair_max_future': 4, 'lambda_transition': 0.10878347307062702, 'transition_logit_scale': 0.29698964187996846, 'beam_size': 3, 'beam_len_penalty': 0.5537413909426128, 'combo_beta': 4.0, 'dropout': 0.17642229722171804, 'temperature': 0.09127901035450839, 'seq_num_layers': 2, 'mamba_d_state': 32, 'mamba_expand': 2, 'soft_constraint_dist_emb_dim': 16}. Best is trial 2 with value: 0.064.
[I 2026-04-04 15:19:35,912] Trial 7 finished with value: 0.0453 and parameters: {'soft_constraint_scale': 0.033928212281948235, 'lr': 0.0003124406969893676, 'lambda_pair': 0.08279513922639621, 'pair_max_future': 4, 'lambda_transition': 0.16803889869062344, 'transition_logit_scale': 0.29178911701525956, 'beam_size': 3, 'beam_len_penalty': 0.3468259189114289, 'combo_beta': 4.0, 'dropout': 0.15268890008121813, 'temperature': 0.10704043765788926, 'seq_num_layers': 3, 'mamba_d_state': 32, 'mamba_expand': 2, 'soft_constraint_dist_emb_dim': 16}. Best is trial 2 with value: 0.064.
[I 2026-04-04 15:26:43,383] Trial 8 finished with value: 0.0564 and parameters: {'soft_constraint_scale': 0.0777808761010546, 'lr': 0.0005724743114588529, 'lambda_pair': 0.1821194037325489, 'pair_max_future': 6, 'lambda_transition': 0.1621938067411084, 'transition_logit_scale': 0.18602836354270819, 'beam_size': 3, 'beam_len_penalty': 0.27668251634633556, 'combo_beta': 4.0, 'dropout': 0.12998822044248343, 'temperature': 0.07598016654674647, 'seq_num_layers': 3, 'mamba_d_state': 32, 'mamba_expand': 2, 'soft_constraint_dist_emb_dim': 32}. Best is trial 2 with value: 0.064.
[I 2026-04-04 15:38:46,713] Trial 9 finished with value: 0.0526 and parameters: {'soft_constraint_scale': 0.014985250132146355, 'lr': 0.0003081682704392784, 'lambda_pair': 0.12068559356248498, 'pair_max_future': 6, 'lambda_transition': 0.06298101533096065, 'transition_logit_scale': 0.2801071854666563, 'beam_size': 3, 'beam_len_penalty': 0.36969238730548154, 'combo_beta': 4.0, 'dropout': 0.15250987385835696, 'temperature': 0.07918786728615124, 'seq_num_layers': 2, 'mamba_d_state': 32, 'mamba_expand': 2, 'soft_constraint_dist_emb_dim': 32}. Best is trial 2 with value: 0.064.
[I 2026-04-04 15:46:40,562] Trial 10 finished with value: 0.0554 and parameters: {'soft_constraint_scale': 0.07981732643367025, 'lr': 0.00039794889271878715, 'lambda_pair': 0.14885497601177772, 'pair_max_future': 4, 'lambda_transition': 0.12063786244550448, 'transition_logit_scale': 0.10202186361736167, 'beam_size': 3, 'beam_len_penalty': 0.47770766670338805, 'combo_beta': 4.0, 'dropout': 0.08191848034128604, 'temperature': 0.06347804470803381, 'seq_num_layers': 3, 'mamba_d_state': 32, 'mamba_expand': 2, 'soft_constraint_dist_emb_dim': 32}. Best is trial 2 with value: 0.064.
[I 2026-04-04 15:54:38,136] Trial 11 finished with value: 0.0576 and parameters: {'soft_constraint_scale': 0.06183977428251956, 'lr': 0.00045460077097957466, 'lambda_pair': 0.033220959018173096, 'pair_max_future': 4, 'lambda_transition': 0.08972199733936881, 'transition_logit_scale': 0.10830940513365436, 'beam_size': 3, 'beam_len_penalty': 0.4507984696955475, 'combo_beta': 4.0, 'dropout': 0.1007107522161163, 'temperature': 0.11907208939676565, 'seq_num_layers': 3, 'mamba_d_state': 32, 'mamba_expand': 2, 'soft_constraint_dist_emb_dim': 32}. Best is trial 2 with value: 0.064.
================================================================================
Optuna finished
Study: fsq_soft_pipeline_v1_tune
Objective: combo
Best value: 0.064000
Best trial: 2
Best params json: /root/autodl-tmp/MyCrossCity/code/new_citypref_llm/pipeline_runs/fsq_soft_pipeline_v1/tuning/fsq_soft_pipeline_v1_tune_best_params.json
All trials json: /root/autodl-tmp/MyCrossCity/code/new_citypref_llm/pipeline_runs/fsq_soft_pipeline_v1/tuning/fsq_soft_pipeline_v1_tune_all_trials.json
Best trial model dir: /root/autodl-tmp/MyCrossCity/Foursquare/model_save_new/fsq_soft_pipeline_v1_tune_trial_002
Best trial log file: /root/autodl-tmp/MyCrossCity/code/new_citypref_llm/pipeline_runs/fsq_soft_pipeline_v1/tuning/logs/04-04-14:30 fsq_soft_pipeline_v1_tune_trial_002(2050).log
================================================================================

[2026-04-04 15:54:38] EXIT_CODE: 0
